<?xml version="1.0" encoding="UTF-8"?>
<!-- Generated by org.testng.reporters.JUnitReportReporter -->
<testsuite hostname="DESKTOP-1TTDB2G" failures="0" tests="3" name="com.neotech.testcases.AddEmployeeTest" time="28.013" errors="0" timestamp="2021-10-23T01:42:22 EDT" skipped="0">
  <testcase classname="com.neotech.testcases.AddEmployeeTest" name="AddEmployee" time="9.092"/>
  <system-out/>
  <testcase classname="com.neotech.testcases.AddEmployeeTest" name="AddEmployee" time="9.785"/>
  <system-out/>
  <testcase classname="com.neotech.testcases.AddEmployeeTest" name="AddEmployee" time="9.136"/>
  <system-out/>
</testsuite> <!-- com.neotech.testcases.AddEmployeeTest -->
