<?xml version="1.0" encoding="UTF-8"?>
<!-- Generated by org.testng.reporters.JUnitReportReporter -->
<testsuite hostname="DESKTOP-1TTDB2G" failures="0" tests="3" name="com.neotech.testcases.DataProviderDemo" time="4.762" errors="0" timestamp="2021-10-16T11:10:53 EDT" skipped="0">
  <testcase classname="com.neotech.testcases.DataProviderDemo" name="printInformation" time="3.091"/>
  <system-out/>
  <testcase classname="com.neotech.testcases.DataProviderDemo" name="printInformation" time="0.741"/>
  <system-out/>
  <testcase classname="com.neotech.testcases.DataProviderDemo" name="printInformation" time="0.930"/>
  <system-out/>
</testsuite> <!-- com.neotech.testcases.DataProviderDemo -->
