<?xml version="1.0" encoding="UTF-8"?>
<!-- Generated by org.testng.reporters.JUnitReportReporter -->
<testsuite hostname="DESKTOP-1TTDB2G" failures="0" tests="2" name="com.neotech.testcases.Annotations" time="0.010" errors="0" timestamp="2021-10-15T21:24:08 EDT" skipped="0">
  <testcase classname="com.neotech.testcases.Annotations" name="test1" time="0.006"/>
  <system-out/>
  <testcase classname="com.neotech.testcases.Annotations" name="test2" time="0.004"/>
  <system-out/>
</testsuite> <!-- com.neotech.testcases.Annotations -->
