<?xml version="1.0" encoding="UTF-8"?>
<!-- Generated by org.testng.reporters.JUnitReportReporter -->
<testsuite hostname="DESKTOP-1TTDB2G" failures="0" tests="1" name="com.neotech.testcases.LoginTest" time="9.212" errors="0" timestamp="2021-10-16T01:38:00 EDT" skipped="0">
  <testcase classname="com.neotech.testcases.LoginTest" name="validLogin" time="9.212"/>
  <system-out/>
</testsuite> <!-- com.neotech.testcases.LoginTest -->
